Using pre-set license
Built from '2021.3/staging' branch; Version is '2021.3.14f1 (eee1884e7226) revision 15655304'; Using compiler version '192829333'; Build Type 'Release'
OS: 'Windows 10  (10.0.19044) 64bit Education' Language: 'en' Physical Memory: 7531 MB
BatchMode: 1, IsHumanControllingUs: 0, StartBugReporterOnCrash: 0, Is64bit: 1, IsPro: 1

COMMAND LINE ARGUMENTS:
C:\Program Files\Unity\Hub\Editor\2021.3.14f1\Editor\Unity.exe
-adb2
-batchMode
-noUpm
-name
AssetImportWorker0
-projectPath
C:/Users/1142430/Documents/GitHub/VR-Room/VR Room Project
-logFile
Logs/AssetImportWorker0.log
-srvPort
53203
Successfully changed project path to: C:/Users/1142430/Documents/GitHub/VR-Room/VR Room Project
C:/Users/1142430/Documents/GitHub/VR-Room/VR Room Project
[UnityMemory] Configuration Parameters - Can be set up in boot.config
    "memorysetup-bucket-allocator-granularity=16"
    "memorysetup-bucket-allocator-bucket-count=8"
    "memorysetup-bucket-allocator-block-size=33554432"
    "memorysetup-bucket-allocator-block-count=8"
    "memorysetup-main-allocator-block-size=16777216"
    "memorysetup-thread-allocator-block-size=16777216"
    "memorysetup-gfx-main-allocator-block-size=16777216"
    "memorysetup-gfx-thread-allocator-block-size=16777216"
    "memorysetup-cache-allocator-block-size=4194304"
    "memorysetup-typetree-allocator-block-size=2097152"
    "memorysetup-profiler-bucket-allocator-granularity=16"
    "memorysetup-profiler-bucket-allocator-bucket-count=8"
    "memorysetup-profiler-bucket-allocator-block-size=33554432"
    "memorysetup-profiler-bucket-allocator-block-count=8"
    "memorysetup-profiler-allocator-block-size=16777216"
    "memorysetup-profiler-editor-allocator-block-size=1048576"
    "memorysetup-temp-allocator-size-main=16777216"
    "memorysetup-job-temp-allocator-block-size=2097152"
    "memorysetup-job-temp-allocator-block-size-background=1048576"
    "memorysetup-job-temp-allocator-reduction-small-platforms=262144"
    "memorysetup-temp-allocator-size-background-worker=32768"
    "memorysetup-temp-allocator-size-job-worker=262144"
    "memorysetup-temp-allocator-size-preload-manager=33554432"
    "memorysetup-temp-allocator-size-nav-mesh-worker=65536"
    "memorysetup-temp-allocator-size-audio-worker=65536"
    "memorysetup-temp-allocator-size-cloud-worker=32768"
    "memorysetup-temp-allocator-size-gi-baking-worker=262144"
    "memorysetup-temp-allocator-size-gfx=262144"
Refreshing native plugins compatible for Editor in 90.48 ms, found 11 plugins.
Preloading 1 native plugins for Editor in 1.06 ms.
Initialize engine version: 2021.3.14f1 (eee1884e7226)
[Subsystems] Discovering subsystems at path C:/Program Files/Unity/Hub/Editor/2021.3.14f1/Editor/Data/Resources/UnitySubsystems
[Subsystems] Discovering subsystems at path C:/Users/1142430/Documents/GitHub/VR-Room/VR Room Project/Assets
GfxDevice: creating device client; threaded=0; jobified=0
Direct3D:
    Version:  Direct3D 11.0 [level 11.1]
    Renderer: AMD Radeon RX 6400 (ID=0x743f)
    Vendor:   ATI
    VRAM:     4052 MB
    Driver:   30.0.14030.4003
Initialize mono
Mono path[0] = 'C:/Program Files/Unity/Hub/Editor/2021.3.14f1/Editor/Data/Managed'
Mono path[1] = 'C:/Program Files/Unity/Hub/Editor/2021.3.14f1/Editor/Data/MonoBleedingEdge/lib/mono/unityjit-win32'
Mono config path = 'C:/Program Files/Unity/Hub/Editor/2021.3.14f1/Editor/Data/MonoBleedingEdge/etc'
Using monoOptions --debugger-agent=transport=dt_socket,embedding=1,server=y,suspend=n,address=127.0.0.1:56688
Begin MonoManager ReloadAssembly
Registering precompiled unity dll's ...
Register platform support module: C:/Program Files/Unity/Hub/Editor/2021.3.14f1/Editor/Data/PlaybackEngines/WebGLSupport/UnityEditor.WebGL.Extensions.dll
Register platform support module: C:/Program Files/Unity/Hub/Editor/2021.3.14f1/Editor/Data/PlaybackEngines/AndroidPlayer/UnityEditor.Android.Extensions.dll
Register platform support module: C:/Program Files/Unity/Hub/Editor/2021.3.14f1/Editor/Data/PlaybackEngines/WindowsStandaloneSupport/UnityEditor.WindowsStandalone.Extensions.dll
Registered in 0.015458 seconds.
Native extension for WindowsStandalone target not found
Native extension for Android target not found
Native extension for WebGL target not found
Refreshing native plugins compatible for Editor in 54.57 ms, found 11 plugins.
Preloading 1 native plugins for Editor in 0.21 ms.
Mono: successfully reloaded assembly
- Completed reload, in  0.581 seconds
Domain Reload Profiling:
	ReloadAssembly (581ms)
		BeginReloadAssembly (88ms)
			ExecutionOrderSort (0ms)
			DisableScriptedObjects (0ms)
			BackupInstance (0ms)
			ReleaseScriptingObjects (0ms)
			CreateAndSetChildDomain (1ms)
		EndReloadAssembly (383ms)
			LoadAssemblies (84ms)
			RebuildTransferFunctionScriptingTraits (0ms)
			SetupTypeCache (82ms)
			ReleaseScriptCaches (0ms)
			RebuildScriptCaches (19ms)
			SetupLoadedEditorAssemblies (230ms)
				LogAssemblyErrors (0ms)
				InitializePlatformSupportModulesInManaged (53ms)
				SetLoadedEditorAssemblies (0ms)
				RefreshPlugins (55ms)
				BeforeProcessingInitializeOnLoad (1ms)
				ProcessInitializeOnLoadAttributes (77ms)
				ProcessInitializeOnLoadMethodAttributes (43ms)
				AfterProcessingInitializeOnLoad (0ms)
				EditorAssembliesLoaded (0ms)
			ExecutionOrderSort2 (0ms)
			AwakeInstancesAfterBackupRestoration (0ms)
Platform modules already initialized, skipping
Registering precompiled user dll's ...
Registered in 0.024934 seconds.
Begin MonoManager ReloadAssembly
Native extension for WindowsStandalone target not found
Native extension for Android target not found
Native extension for WebGL target not found
Refreshing native plugins compatible for Editor in 53.19 ms, found 11 plugins.
Preloading 1 native plugins for Editor in 0.11 ms.
Package Manager log level set to [2]
System.Reflection.TargetInvocationException: Exception has been thrown by the target of an invocation. ---> System.NullReferenceException: Object reference not set to an instance of an object
  at Unity.XR.Oculus.OculusLoader.AssetPathToAbsolutePath (System.String assetPath) [0x0003d] in C:\Users\1142430\Documents\GitHub\VR-Room\VR Room Project\Library\PackageCache\com.unity.xr.oculus@3.2.1\Runtime\OculusLoader.cs:296 
  at Unity.XR.Oculus.OculusLoader.EditorLoadOVRPlugin () [0x0007b] in C:\Users\1142430\Documents\GitHub\VR-Room\VR Room Project\Library\PackageCache\com.unity.xr.oculus@3.2.1\Runtime\OculusLoader.cs:281 
  at (wrapper managed-to-native) System.Reflection.RuntimeMethodInfo.InternalInvoke(System.Reflection.RuntimeMethodInfo,object,object[],System.Exception&)
  at System.Reflection.RuntimeMethodInfo.Invoke (System.Object obj, System.Reflection.BindingFlags invokeAttr, System.Reflection.Binder binder, System.Object[] parameters, System.Globalization.CultureInfo culture) [0x0006a] in <d6232873609549b8a045fa15811a5bd3>:0 
   --- End of inner exception stack trace ---
  at System.Reflection.RuntimeMethodInfo.Invoke (System.Object obj, System.Reflection.BindingFlags invokeAttr, System.Reflection.Binder binder, System.Object[] parameters, System.Globalization.CultureInfo culture) [0x00083] in <d6232873609549b8a045fa15811a5bd3>:0 
  at System.Reflection.MethodBase.Invoke (System.Object obj, System.Object[] parameters) [0x00000] in <d6232873609549b8a045fa15811a5bd3>:0 
  at UnityEditor.EditorAssemblies.ProcessInitializeOnLoadMethodAttributes () [0x000a5] in <6a5b55f2e18b419e9faedac06ac6af94>:0 
UnityEngine.StackTraceUtility:ExtractStackTrace ()
UnityEngine.DebugLogHandler:LogFormat (UnityEngine.LogType,UnityEngine.Object,string,object[])
UnityEngine.Logger:Log (UnityEngine.LogType,object)
UnityEngine.Debug:LogError (object)
UnityEditor.EditorAssemblies:ProcessInitializeOnLoadMethodAttributes ()

Mono: successfully reloaded assembly
- Completed reload, in  1.288 seconds
Domain Reload Profiling:
	ReloadAssembly (1289ms)
		BeginReloadAssembly (212ms)
			ExecutionOrderSort (0ms)
			DisableScriptedObjects (5ms)
			BackupInstance (0ms)
			ReleaseScriptingObjects (0ms)
			CreateAndSetChildDomain (122ms)
		EndReloadAssembly (964ms)
			LoadAssemblies (132ms)
			RebuildTransferFunctionScriptingTraits (0ms)
			SetupTypeCache (190ms)
			ReleaseScriptCaches (1ms)
			RebuildScriptCaches (46ms)
			SetupLoadedEditorAssemblies (554ms)
				LogAssemblyErrors (0ms)
				InitializePlatformSupportModulesInManaged (16ms)
				SetLoadedEditorAssemblies (0ms)
				RefreshPlugins (53ms)
				BeforeProcessingInitializeOnLoad (103ms)
				ProcessInitializeOnLoadAttributes (290ms)
				ProcessInitializeOnLoadMethodAttributes (77ms)
				AfterProcessingInitializeOnLoad (14ms)
				EditorAssembliesLoaded (0ms)
			ExecutionOrderSort2 (0ms)
			AwakeInstancesAfterBackupRestoration (12ms)
Platform modules already initialized, skipping
========================================================================
Worker process is ready to serve import requests
Launched and connected shader compiler UnityShaderCompiler.exe after 0.07 seconds
Refreshing native plugins compatible for Editor in 1.12 ms, found 11 plugins.
Preloading 1 native plugins for Editor in 0.12 ms.
Unloading 4360 Unused Serialized files (Serialized files now loaded: 0)
Unloading 56 unused Assets / (449.2 KB). Loaded Objects now: 4801.
Memory consumption went from 191.4 MB to 190.9 MB.
Total: 3.468400 ms (FindLiveObjects: 0.384800 ms CreateObjectMapping: 0.103800 ms MarkObjects: 2.744900 ms  DeleteObjects: 0.233700 ms)

AssetImportParameters requested are different than current active one (requested -> active):
  custom:video-decoder-ogg-theora: a1e56fd34408186e4bbccfd4996cb3dc -> 
  custom:container-muxer-webm: aa71ff27fc2769a1b78a27578f13a17b -> 
  custom:container-demuxer-webm: 4f35f7cbe854078d1ac9338744f61a02 -> 
  custom:video-encoder-webm-vp8: eb34c28f22e8b96e1ab97ce403110664 -> 
  custom:audio-encoder-webm-vorbis: bf7c407c2cedff20999df2af8eb42d56 -> 
  custom:framework-win-MediaFoundation: 216162199b28c13a410421893ffa2e32 -> 
  custom:container-demuxer-ogg: 62fdf1f143b41e24485cea50d1cbac27 -> 
  custom:video-decoder-webm-vp8: 9c59270c3fd7afecdb556c50c9e8de78 -> 
  custom:audio-decoder-ogg-vorbis: bf7c407c2cedff20999df2af8eb42d56 -> 
========================================================================
Received Import Request.
  Time since last request: 6402.158765 seconds.
  path: Assets
  artifactKey: Guid(00000000000000001000000000000000) Importer(815301076,1909f56bfc062723c751e8b465ee728b)
Start importing Assets using Guid(00000000000000001000000000000000) Importer(815301076,1909f56bfc062723c751e8b465ee728b)  -> (artifact id: '79842766b460edbeab6a34051e857a80') in 0.011516 seconds 
========================================================================
Received Import Request.
  Time since last request: 9.301803 seconds.
  path: Assets/Enemy.cs
  artifactKey: Guid(b79e2d9479ab5e24e82ab796ebf6e00e) Importer(815301076,1909f56bfc062723c751e8b465ee728b)
Start importing Assets/Enemy.cs using Guid(b79e2d9479ab5e24e82ab796ebf6e00e) Importer(815301076,1909f56bfc062723c751e8b465ee728b)  -> (artifact id: 'd1a59fe29505c31ad605cef6f2eadc74') in 0.033026 seconds 
========================================================================
Received Prepare
Registering precompiled user dll's ...
Registered in 0.018236 seconds.
Begin MonoManager ReloadAssembly
Native extension for WindowsStandalone target not found
Native extension for Android target not found
Native extension for WebGL target not found
Refreshing native plugins compatible for Editor in 2.74 ms, found 11 plugins.
Preloading 1 native plugins for Editor in 0.15 ms.
System.Reflection.TargetInvocationException: Exception has been thrown by the target of an invocation. ---> System.NullReferenceException: Object reference not set to an instance of an object
  at Unity.XR.Oculus.OculusLoader.AssetPathToAbsolutePath (System.String assetPath) [0x0003d] in C:\Users\1142430\Documents\GitHub\VR-Room\VR Room Project\Library\PackageCache\com.unity.xr.oculus@3.2.1\Runtime\OculusLoader.cs:296 
  at Unity.XR.Oculus.OculusLoader.EditorLoadOVRPlugin () [0x0007b] in C:\Users\1142430\Documents\GitHub\VR-Room\VR Room Project\Library\PackageCache\com.unity.xr.oculus@3.2.1\Runtime\OculusLoader.cs:281 
  at (wrapper managed-to-native) System.Reflection.RuntimeMethodInfo.InternalInvoke(System.Reflection.RuntimeMethodInfo,object,object[],System.Exception&)
  at System.Reflection.RuntimeMethodInfo.Invoke (System.Object obj, System.Reflection.BindingFlags invokeAttr, System.Reflection.Binder binder, System.Object[] parameters, System.Globalization.CultureInfo culture) [0x0006a] in <d6232873609549b8a045fa15811a5bd3>:0 
   --- End of inner exception stack trace ---
  at System.Reflection.RuntimeMethodInfo.Invoke (System.Object obj, System.Reflection.BindingFlags invokeAttr, System.Reflection.Binder binder, System.Object[] parameters, System.Globalization.CultureInfo culture) [0x00083] in <d6232873609549b8a045fa15811a5bd3>:0 
  at System.Reflection.MethodBase.Invoke (System.Object obj, System.Object[] parameters) [0x00000] in <d6232873609549b8a045fa15811a5bd3>:0 
  at UnityEditor.EditorAssemblies.ProcessInitializeOnLoadMethodAttributes () [0x000a5] in <6a5b55f2e18b419e9faedac06ac6af94>:0 
UnityEngine.StackTraceUtility:ExtractStackTrace ()
UnityEngine.DebugLogHandler:LogFormat (UnityEngine.LogType,UnityEngine.Object,string,object[])
UnityEngine.Logger:Log (UnityEngine.LogType,object)
UnityEngine.Debug:LogError (object)
UnityEditor.EditorAssemblies:ProcessInitializeOnLoadMethodAttributes ()

Mono: successfully reloaded assembly
- Completed reload, in  1.346 seconds
Domain Reload Profiling:
	ReloadAssembly (1347ms)
		BeginReloadAssembly (158ms)
			ExecutionOrderSort (0ms)
			DisableScriptedObjects (5ms)
			BackupInstance (0ms)
			ReleaseScriptingObjects (0ms)
			CreateAndSetChildDomain (40ms)
		EndReloadAssembly (1086ms)
			LoadAssemblies (124ms)
			RebuildTransferFunctionScriptingTraits (0ms)
			SetupTypeCache (286ms)
			ReleaseScriptCaches (3ms)
			RebuildScriptCaches (64ms)
			SetupLoadedEditorAssemblies (536ms)
				LogAssemblyErrors (0ms)
				InitializePlatformSupportModulesInManaged (39ms)
				SetLoadedEditorAssemblies (1ms)
				RefreshPlugins (3ms)
				BeforeProcessingInitializeOnLoad (105ms)
				ProcessInitializeOnLoadAttributes (281ms)
				ProcessInitializeOnLoadMethodAttributes (89ms)
				AfterProcessingInitializeOnLoad (17ms)
				EditorAssembliesLoaded (0ms)
			ExecutionOrderSort2 (0ms)
			AwakeInstancesAfterBackupRestoration (22ms)
Platform modules already initialized, skipping
Refreshing native plugins compatible for Editor in 12.18 ms, found 11 plugins.
Preloading 1 native plugins for Editor in 0.11 ms.
Unloading 4207 Unused Serialized files (Serialized files now loaded: 0)
Unloading 46 unused Assets / (439.7 KB). Loaded Objects now: 4806.
Memory consumption went from 197.3 MB to 196.9 MB.
Total: 4.133900 ms (FindLiveObjects: 0.395300 ms CreateObjectMapping: 0.120100 ms MarkObjects: 3.324300 ms  DeleteObjects: 0.293000 ms)

AssetImportParameters requested are different than current active one (requested -> active):
  custom:video-decoder-ogg-theora: a1e56fd34408186e4bbccfd4996cb3dc -> 
  custom:container-muxer-webm: aa71ff27fc2769a1b78a27578f13a17b -> 
  custom:container-demuxer-webm: 4f35f7cbe854078d1ac9338744f61a02 -> 
  custom:video-encoder-webm-vp8: eb34c28f22e8b96e1ab97ce403110664 -> 
  custom:audio-encoder-webm-vorbis: bf7c407c2cedff20999df2af8eb42d56 -> 
  custom:framework-win-MediaFoundation: 216162199b28c13a410421893ffa2e32 -> 
  custom:container-demuxer-ogg: 62fdf1f143b41e24485cea50d1cbac27 -> 
  custom:video-decoder-webm-vp8: 9c59270c3fd7afecdb556c50c9e8de78 -> 
  custom:audio-decoder-ogg-vorbis: bf7c407c2cedff20999df2af8eb42d56 -> 
========================================================================
Received Import Request.
  Time since last request: 243.650240 seconds.
  path: Assets/Enemy.cs
  artifactKey: Guid(b79e2d9479ab5e24e82ab796ebf6e00e) Importer(815301076,1909f56bfc062723c751e8b465ee728b)
Start importing Assets/Enemy.cs using Guid(b79e2d9479ab5e24e82ab796ebf6e00e) Importer(815301076,1909f56bfc062723c751e8b465ee728b)  -> (artifact id: '5d2968575d0fe1b7c0c9b9b2b2ac3933') in 0.011746 seconds 
========================================================================
Received Prepare
Registering precompiled user dll's ...
Registered in 0.015315 seconds.
Begin MonoManager ReloadAssembly
Native extension for WindowsStandalone target not found
Native extension for Android target not found
Native extension for WebGL target not found
Refreshing native plugins compatible for Editor in 0.91 ms, found 11 plugins.
Preloading 1 native plugins for Editor in 0.11 ms.
System.Reflection.TargetInvocationException: Exception has been thrown by the target of an invocation. ---> System.NullReferenceException: Object reference not set to an instance of an object
  at Unity.XR.Oculus.OculusLoader.AssetPathToAbsolutePath (System.String assetPath) [0x0003d] in C:\Users\1142430\Documents\GitHub\VR-Room\VR Room Project\Library\PackageCache\com.unity.xr.oculus@3.2.1\Runtime\OculusLoader.cs:296 
  at Unity.XR.Oculus.OculusLoader.EditorLoadOVRPlugin () [0x0007b] in C:\Users\1142430\Documents\GitHub\VR-Room\VR Room Project\Library\PackageCache\com.unity.xr.oculus@3.2.1\Runtime\OculusLoader.cs:281 
  at (wrapper managed-to-native) System.Reflection.RuntimeMethodInfo.InternalInvoke(System.Reflection.RuntimeMethodInfo,object,object[],System.Exception&)
  at System.Reflection.RuntimeMethodInfo.Invoke (System.Object obj, System.Reflection.BindingFlags invokeAttr, System.Reflection.Binder binder, System.Object[] parameters, System.Globalization.CultureInfo culture) [0x0006a] in <d6232873609549b8a045fa15811a5bd3>:0 
   --- End of inner exception stack trace ---
  at System.Reflection.RuntimeMethodInfo.Invoke (System.Object obj, System.Reflection.BindingFlags invokeAttr, System.Reflection.Binder binder, System.Object[] parameters, System.Globalization.CultureInfo culture) [0x00083] in <d6232873609549b8a045fa15811a5bd3>:0 
  at System.Reflection.MethodBase.Invoke (System.Object obj, System.Object[] parameters) [0x00000] in <d6232873609549b8a045fa15811a5bd3>:0 
  at UnityEditor.EditorAssemblies.ProcessInitializeOnLoadMethodAttributes () [0x000a5] in <6a5b55f2e18b419e9faedac06ac6af94>:0 
UnityEngine.StackTraceUtility:ExtractStackTrace ()
UnityEngine.DebugLogHandler:LogFormat (UnityEngine.LogType,UnityEngine.Object,string,object[])
UnityEngine.Logger:Log (UnityEngine.LogType,object)
UnityEngine.Debug:LogError (object)
UnityEditor.EditorAssemblies:ProcessInitializeOnLoadMethodAttributes ()

Mono: successfully reloaded assembly
- Completed reload, in  1.027 seconds
Domain Reload Profiling:
	ReloadAssembly (1028ms)
		BeginReloadAssembly (139ms)
			ExecutionOrderSort (0ms)
			DisableScriptedObjects (4ms)
			BackupInstance (0ms)
			ReleaseScriptingObjects (0ms)
			CreateAndSetChildDomain (36ms)
		EndReloadAssembly (796ms)
			LoadAssemblies (105ms)
			RebuildTransferFunctionScriptingTraits (0ms)
			SetupTypeCache (180ms)
			ReleaseScriptCaches (1ms)
			RebuildScriptCaches (32ms)
			SetupLoadedEditorAssemblies (436ms)
				LogAssemblyErrors (0ms)
				InitializePlatformSupportModulesInManaged (22ms)
				SetLoadedEditorAssemblies (0ms)
				RefreshPlugins (1ms)
				BeforeProcessingInitializeOnLoad (82ms)
				ProcessInitializeOnLoadAttributes (245ms)
				ProcessInitializeOnLoadMethodAttributes (71ms)
				AfterProcessingInitializeOnLoad (15ms)
				EditorAssembliesLoaded (0ms)
			ExecutionOrderSort2 (0ms)
			AwakeInstancesAfterBackupRestoration (15ms)
Platform modules already initialized, skipping
Refreshing native plugins compatible for Editor in 8.70 ms, found 11 plugins.
Preloading 1 native plugins for Editor in 0.10 ms.
Unloading 4207 Unused Serialized files (Serialized files now loaded: 0)
Unloading 46 unused Assets / (423.6 KB). Loaded Objects now: 4810.
Memory consumption went from 197.3 MB to 196.9 MB.
Total: 3.453500 ms (FindLiveObjects: 0.333100 ms CreateObjectMapping: 0.108600 ms MarkObjects: 2.763300 ms  DeleteObjects: 0.247800 ms)

AssetImportParameters requested are different than current active one (requested -> active):
  custom:video-decoder-ogg-theora: a1e56fd34408186e4bbccfd4996cb3dc -> 
  custom:container-muxer-webm: aa71ff27fc2769a1b78a27578f13a17b -> 
  custom:container-demuxer-webm: 4f35f7cbe854078d1ac9338744f61a02 -> 
  custom:video-encoder-webm-vp8: eb34c28f22e8b96e1ab97ce403110664 -> 
  custom:audio-encoder-webm-vorbis: bf7c407c2cedff20999df2af8eb42d56 -> 
  custom:framework-win-MediaFoundation: 216162199b28c13a410421893ffa2e32 -> 
  custom:container-demuxer-ogg: 62fdf1f143b41e24485cea50d1cbac27 -> 
  custom:video-decoder-webm-vp8: 9c59270c3fd7afecdb556c50c9e8de78 -> 
  custom:audio-decoder-ogg-vorbis: bf7c407c2cedff20999df2af8eb42d56 -> 
========================================================================
Received Import Request.
  Time since last request: 2126.058241 seconds.
  path: Assets/Enemy.cs
  artifactKey: Guid(b79e2d9479ab5e24e82ab796ebf6e00e) Importer(815301076,1909f56bfc062723c751e8b465ee728b)
Start importing Assets/Enemy.cs using Guid(b79e2d9479ab5e24e82ab796ebf6e00e) Importer(815301076,1909f56bfc062723c751e8b465ee728b)  -> (artifact id: 'b77f7252283cb0ca5f2c5c49dfa48759') in 0.011040 seconds 
========================================================================
Received Import Request.
  Time since last request: 300.549528 seconds.
  path: Assets/RPG Monster Duo PBR Polyart/Meshes
  artifactKey: Guid(206397375804bf34b866bcf1f881c950) Importer(815301076,1909f56bfc062723c751e8b465ee728b)
Start importing Assets/RPG Monster Duo PBR Polyart/Meshes using Guid(206397375804bf34b866bcf1f881c950) Importer(815301076,1909f56bfc062723c751e8b465ee728b)  -> (artifact id: '44f2ec883590362d97360a674195b1e6') in 0.003349 seconds 
========================================================================
Received Import Request.
  Time since last request: 0.084860 seconds.
  path: Assets/RPG Monster Duo PBR Polyart/Meshes/SlimeMesh.fbx
  artifactKey: Guid(1f499d0eded7a4245b0c36149a43da4f) Importer(815301076,1909f56bfc062723c751e8b465ee728b)
Start importing Assets/RPG Monster Duo PBR Polyart/Meshes/SlimeMesh.fbx using Guid(1f499d0eded7a4245b0c36149a43da4f) Importer(815301076,1909f56bfc062723c751e8b465ee728b)  -> (artifact id: 'f825ee2c6a11a34e32638e379d8c65db') in 0.318349 seconds 
========================================================================
Received Import Request.
  Time since last request: 0.000032 seconds.
  path: Assets/RPG Monster Duo PBR Polyart/Meshes/StageMesh.fbx
  artifactKey: Guid(550cdd9b4c76ad645b99cd9eea1bb745) Importer(815301076,1909f56bfc062723c751e8b465ee728b)
Start importing Assets/RPG Monster Duo PBR Polyart/Meshes/StageMesh.fbx using Guid(550cdd9b4c76ad645b99cd9eea1bb745) Importer(815301076,1909f56bfc062723c751e8b465ee728b)  -> (artifact id: '614682029b2be4ba5dc79cff5e64e806') in 0.019316 seconds 
========================================================================
Received Import Request.
  Time since last request: 0.000050 seconds.
  path: Assets/RPG Monster Duo PBR Polyart/Meshes/TurtleShellMeshPBR.fbx
  artifactKey: Guid(0d3c605385d6d9547a1e3f24e8248962) Importer(815301076,1909f56bfc062723c751e8b465ee728b)
Start importing Assets/RPG Monster Duo PBR Polyart/Meshes/TurtleShellMeshPBR.fbx using Guid(0d3c605385d6d9547a1e3f24e8248962) Importer(815301076,1909f56bfc062723c751e8b465ee728b)  -> (artifact id: '4a3e5b09e9898eed73fa455943c670e6') in 0.024670 seconds 
========================================================================
Received Import Request.
  Time since last request: 17.406095 seconds.
  path: Assets/RPG Monster Duo PBR Polyart/Materials/Skybox_Mat.mat
  artifactKey: Guid(97f1fc767078c904184a5800339690a2) Importer(815301076,1909f56bfc062723c751e8b465ee728b)
Start importing Assets/RPG Monster Duo PBR Polyart/Materials/Skybox_Mat.mat using Guid(97f1fc767078c904184a5800339690a2) Importer(815301076,1909f56bfc062723c751e8b465ee728b)  -> (artifact id: 'acd32e38c8538094752c0c8ab4b17b10') in 0.126677 seconds 
========================================================================
Received Import Request.
  Time since last request: 9.285830 seconds.
  path: Assets/RPG Monster Duo PBR Polyart/Textures/PBRSlimeAO.png
  artifactKey: Guid(ea614ba314598d14ebe9e9cdff6a47cd) Importer(815301076,1909f56bfc062723c751e8b465ee728b)
Start importing Assets/RPG Monster Duo PBR Polyart/Textures/PBRSlimeAO.png using Guid(ea614ba314598d14ebe9e9cdff6a47cd) Importer(815301076,1909f56bfc062723c751e8b465ee728b)  -> (artifact id: '0ff633ef9d534763a5d68fe424d53836') in 0.025355 seconds 
========================================================================
Received Import Request.
  Time since last request: 0.000026 seconds.
  path: Assets/RPG Monster Duo PBR Polyart/Textures/PolyartDefaultTex.png
  artifactKey: Guid(19bb4fe4d3f7dc640907e64ce8d1865c) Importer(815301076,1909f56bfc062723c751e8b465ee728b)
Start importing Assets/RPG Monster Duo PBR Polyart/Textures/PolyartDefaultTex.png using Guid(19bb4fe4d3f7dc640907e64ce8d1865c) Importer(815301076,1909f56bfc062723c751e8b465ee728b)  -> (artifact id: 'e861f18a1203302e8186e8e765913db1') in 0.015501 seconds 
========================================================================
Received Import Request.
  Time since last request: 0.000057 seconds.
  path: Assets/RPG Monster Duo PBR Polyart/Textures/PBRSlimeNormal.png
  artifactKey: Guid(18abd5f4e9c11924a95611d5a0813704) Importer(815301076,1909f56bfc062723c751e8b465ee728b)
Start importing Assets/RPG Monster Duo PBR Polyart/Textures/PBRSlimeNormal.png using Guid(18abd5f4e9c11924a95611d5a0813704) Importer(815301076,1909f56bfc062723c751e8b465ee728b)  -> (artifact id: '868dd88032f2120a9a8b31ac9a87cbcf') in 0.016581 seconds 
========================================================================
Received Import Request.
  Time since last request: 130.217052 seconds.
  path: Assets/Polygonal Metalon/Materials/Polygonal Metalon Red.mat
  artifactKey: Guid(bcaad48fae9d78948944fe183b6e39fe) Importer(815301076,1909f56bfc062723c751e8b465ee728b)
Start importing Assets/Polygonal Metalon/Materials/Polygonal Metalon Red.mat using Guid(bcaad48fae9d78948944fe183b6e39fe) Importer(815301076,1909f56bfc062723c751e8b465ee728b)  -> (artifact id: '8980a55ef5484d2da6d0dfe96893b6a0') in 0.012973 seconds 
========================================================================
Received Import Request.
  Time since last request: 83.911955 seconds.
  path: Assets/Settings/UniversalRenderPipelineAsset_Renderer.asset
  artifactKey: Guid(d9e88bdd0f5f0462ebf470d8ea4b285e) Importer(815301076,1909f56bfc062723c751e8b465ee728b)
Start importing Assets/Settings/UniversalRenderPipelineAsset_Renderer.asset using Guid(d9e88bdd0f5f0462ebf470d8ea4b285e) Importer(815301076,1909f56bfc062723c751e8b465ee728b)  -> (artifact id: 'cf68150af3ac2571e22b1ba735a29a78') in 0.006998 seconds 
========================================================================
Received Prepare
Registering precompiled user dll's ...
Registered in 0.015502 seconds.
Begin MonoManager ReloadAssembly
Native extension for WindowsStandalone target not found
Native extension for Android target not found
Native extension for WebGL target not found
Refreshing native plugins compatible for Editor in 1.24 ms, found 11 plugins.
Preloading 1 native plugins for Editor in 0.12 ms.
System.Reflection.TargetInvocationException: Exception has been thrown by the target of an invocation. ---> System.NullReferenceException: Object reference not set to an instance of an object
  at Unity.XR.Oculus.OculusLoader.AssetPathToAbsolutePath (System.String assetPath) [0x0003d] in C:\Users\1142430\Documents\GitHub\VR-Room\VR Room Project\Library\PackageCache\com.unity.xr.oculus@3.2.1\Runtime\OculusLoader.cs:296 
  at Unity.XR.Oculus.OculusLoader.EditorLoadOVRPlugin () [0x0007b] in C:\Users\1142430\Documents\GitHub\VR-Room\VR Room Project\Library\PackageCache\com.unity.xr.oculus@3.2.1\Runtime\OculusLoader.cs:281 
  at (wrapper managed-to-native) System.Reflection.RuntimeMethodInfo.InternalInvoke(System.Reflection.RuntimeMethodInfo,object,object[],System.Exception&)
  at System.Reflection.RuntimeMethodInfo.Invoke (System.Object obj, System.Reflection.BindingFlags invokeAttr, System.Reflection.Binder binder, System.Object[] parameters, System.Globalization.CultureInfo culture) [0x0006a] in <d6232873609549b8a045fa15811a5bd3>:0 
   --- End of inner exception stack trace ---
  at System.Reflection.RuntimeMethodInfo.Invoke (System.Object obj, System.Reflection.BindingFlags invokeAttr, System.Reflection.Binder binder, System.Object[] parameters, System.Globalization.CultureInfo culture) [0x00083] in <d6232873609549b8a045fa15811a5bd3>:0 
  at System.Reflection.MethodBase.Invoke (System.Object obj, System.Object[] parameters) [0x00000] in <d6232873609549b8a045fa15811a5bd3>:0 
  at UnityEditor.EditorAssemblies.ProcessInitializeOnLoadMethodAttributes () [0x000a5] in <6a5b55f2e18b419e9faedac06ac6af94>:0 
UnityEngine.StackTraceUtility:ExtractStackTrace ()
UnityEngine.DebugLogHandler:LogFormat (UnityEngine.LogType,UnityEngine.Object,string,object[])
UnityEngine.Logger:Log (UnityEngine.LogType,object)
UnityEngine.Debug:LogError (object)
UnityEditor.EditorAssemblies:ProcessInitializeOnLoadMethodAttributes ()

Mono: successfully reloaded assembly
- Completed reload, in  1.095 seconds
Domain Reload Profiling:
	ReloadAssembly (1096ms)
		BeginReloadAssembly (146ms)
			ExecutionOrderSort (0ms)
			DisableScriptedObjects (6ms)
			BackupInstance (0ms)
			ReleaseScriptingObjects (0ms)
			CreateAndSetChildDomain (40ms)
		EndReloadAssembly (859ms)
			LoadAssemblies (105ms)
			RebuildTransferFunctionScriptingTraits (0ms)
			SetupTypeCache (182ms)
			ReleaseScriptCaches (1ms)
			RebuildScriptCaches (31ms)
			SetupLoadedEditorAssemblies (465ms)
				LogAssemblyErrors (0ms)
				InitializePlatformSupportModulesInManaged (22ms)
				SetLoadedEditorAssemblies (0ms)
				RefreshPlugins (2ms)
				BeforeProcessingInitializeOnLoad (81ms)
				ProcessInitializeOnLoadAttributes (266ms)
				ProcessInitializeOnLoadMethodAttributes (79ms)
				AfterProcessingInitializeOnLoad (14ms)
				EditorAssembliesLoaded (0ms)
			ExecutionOrderSort2 (0ms)
			AwakeInstancesAfterBackupRestoration (18ms)
Platform modules already initialized, skipping
Refreshing native plugins compatible for Editor in 6.00 ms, found 11 plugins.
Preloading 1 native plugins for Editor in 0.08 ms.
Unloading 4215 Unused Serialized files (Serialized files now loaded: 0)
Unloading 46 unused Assets / (424.7 KB). Loaded Objects now: 4909.
Memory consumption went from 217.8 MB to 217.3 MB.
Total: 3.572300 ms (FindLiveObjects: 0.295100 ms CreateObjectMapping: 0.095600 ms MarkObjects: 2.936400 ms  DeleteObjects: 0.244500 ms)

AssetImportParameters requested are different than current active one (requested -> active):
  custom:video-decoder-ogg-theora: a1e56fd34408186e4bbccfd4996cb3dc -> 
  custom:container-muxer-webm: aa71ff27fc2769a1b78a27578f13a17b -> 
  custom:container-demuxer-webm: 4f35f7cbe854078d1ac9338744f61a02 -> 
  custom:video-encoder-webm-vp8: eb34c28f22e8b96e1ab97ce403110664 -> 
  custom:audio-encoder-webm-vorbis: bf7c407c2cedff20999df2af8eb42d56 -> 
  custom:framework-win-MediaFoundation: 216162199b28c13a410421893ffa2e32 -> 
  custom:container-demuxer-ogg: 62fdf1f143b41e24485cea50d1cbac27 -> 
  custom:video-decoder-webm-vp8: 9c59270c3fd7afecdb556c50c9e8de78 -> 
  custom:audio-decoder-ogg-vorbis: bf7c407c2cedff20999df2af8eb42d56 -> 
