Using pre-set license
Built from '2021.3/staging' branch; Version is '2021.3.14f1 (eee1884e7226) revision 15655304'; Using compiler version '192829333'; Build Type 'Release'
OS: 'Windows 10  (10.0.19044) 64bit Education' Language: 'en' Physical Memory: 7531 MB
BatchMode: 1, IsHumanControllingUs: 0, StartBugReporterOnCrash: 0, Is64bit: 1, IsPro: 1

COMMAND LINE ARGUMENTS:
C:\Program Files\Unity\Hub\Editor\2021.3.14f1\Editor\Unity.exe
-adb2
-batchMode
-noUpm
-name
AssetImportWorker2
-projectPath
C:/Users/1142430/Documents/GitHub/VR-Room/VR Room Project
-logFile
Logs/AssetImportWorker2.log
-srvPort
54507
Successfully changed project path to: C:/Users/1142430/Documents/GitHub/VR-Room/VR Room Project
C:/Users/1142430/Documents/GitHub/VR-Room/VR Room Project
[UnityMemory] Configuration Parameters - Can be set up in boot.config
    "memorysetup-bucket-allocator-granularity=16"
    "memorysetup-bucket-allocator-bucket-count=8"
    "memorysetup-bucket-allocator-block-size=33554432"
    "memorysetup-bucket-allocator-block-count=8"
    "memorysetup-main-allocator-block-size=16777216"
    "memorysetup-thread-allocator-block-size=16777216"
    "memorysetup-gfx-main-allocator-block-size=16777216"
    "memorysetup-gfx-thread-allocator-block-size=16777216"
    "memorysetup-cache-allocator-block-size=4194304"
    "memorysetup-typetree-allocator-block-size=2097152"
    "memorysetup-profiler-bucket-allocator-granularity=16"
    "memorysetup-profiler-bucket-allocator-bucket-count=8"
    "memorysetup-profiler-bucket-allocator-block-size=33554432"
    "memorysetup-profiler-bucket-allocator-block-count=8"
    "memorysetup-profiler-allocator-block-size=16777216"
    "memorysetup-profiler-editor-allocator-block-size=1048576"
    "memorysetup-temp-allocator-size-main=16777216"
    "memorysetup-job-temp-allocator-block-size=2097152"
    "memorysetup-job-temp-allocator-block-size-background=1048576"
    "memorysetup-job-temp-allocator-reduction-small-platforms=262144"
    "memorysetup-temp-allocator-size-background-worker=32768"
    "memorysetup-temp-allocator-size-job-worker=262144"
    "memorysetup-temp-allocator-size-preload-manager=33554432"
    "memorysetup-temp-allocator-size-nav-mesh-worker=65536"
    "memorysetup-temp-allocator-size-audio-worker=65536"
    "memorysetup-temp-allocator-size-cloud-worker=32768"
    "memorysetup-temp-allocator-size-gi-baking-worker=262144"
    "memorysetup-temp-allocator-size-gfx=262144"
Default GameObject BitMask: Key already registered
Refreshing native plugins compatible for Editor in 111.55 ms, found 11 plugins.
Preloading 1 native plugins for Editor in 0.98 ms.
Initialize engine version: 2021.3.14f1 (eee1884e7226)
[Subsystems] Discovering subsystems at path C:/Program Files/Unity/Hub/Editor/2021.3.14f1/Editor/Data/Resources/UnitySubsystems
[Subsystems] Discovering subsystems at path C:/Users/1142430/Documents/GitHub/VR-Room/VR Room Project/Assets
GfxDevice: creating device client; threaded=0; jobified=0
Direct3D:
    Version:  Direct3D 11.0 [level 11.1]
    Renderer: AMD Radeon RX 6400 (ID=0x743f)
    Vendor:   ATI
    VRAM:     4052 MB
    Driver:   30.0.14030.4003
Initialize mono
Mono path[0] = 'C:/Program Files/Unity/Hub/Editor/2021.3.14f1/Editor/Data/Managed'
Mono path[1] = 'C:/Program Files/Unity/Hub/Editor/2021.3.14f1/Editor/Data/MonoBleedingEdge/lib/mono/unityjit-win32'
Mono config path = 'C:/Program Files/Unity/Hub/Editor/2021.3.14f1/Editor/Data/MonoBleedingEdge/etc'
Using monoOptions --debugger-agent=transport=dt_socket,embedding=1,server=y,suspend=n,address=127.0.0.1:56736
Begin MonoManager ReloadAssembly
Registering precompiled unity dll's ...
Register platform support module: C:/Program Files/Unity/Hub/Editor/2021.3.14f1/Editor/Data/PlaybackEngines/WebGLSupport/UnityEditor.WebGL.Extensions.dll
Register platform support module: C:/Program Files/Unity/Hub/Editor/2021.3.14f1/Editor/Data/PlaybackEngines/AndroidPlayer/UnityEditor.Android.Extensions.dll
Register platform support module: C:/Program Files/Unity/Hub/Editor/2021.3.14f1/Editor/Data/PlaybackEngines/WindowsStandaloneSupport/UnityEditor.WindowsStandalone.Extensions.dll
Registered in 0.016297 seconds.
Native extension for WindowsStandalone target not found
Native extension for Android target not found
Native extension for WebGL target not found
Refreshing native plugins compatible for Editor in 72.10 ms, found 11 plugins.
Preloading 1 native plugins for Editor in 0.25 ms.
Mono: successfully reloaded assembly
- Completed reload, in  0.775 seconds
Domain Reload Profiling:
	ReloadAssembly (776ms)
		BeginReloadAssembly (123ms)
			ExecutionOrderSort (0ms)
			DisableScriptedObjects (0ms)
			BackupInstance (0ms)
			ReleaseScriptingObjects (0ms)
			CreateAndSetChildDomain (1ms)
		EndReloadAssembly (526ms)
			LoadAssemblies (118ms)
			RebuildTransferFunctionScriptingTraits (1ms)
			SetupTypeCache (148ms)
			ReleaseScriptCaches (0ms)
			RebuildScriptCaches (24ms)
			SetupLoadedEditorAssemblies (281ms)
				LogAssemblyErrors (0ms)
				InitializePlatformSupportModulesInManaged (60ms)
				SetLoadedEditorAssemblies (0ms)
				RefreshPlugins (73ms)
				BeforeProcessingInitializeOnLoad (1ms)
				ProcessInitializeOnLoadAttributes (90ms)
				ProcessInitializeOnLoadMethodAttributes (57ms)
				AfterProcessingInitializeOnLoad (0ms)
				EditorAssembliesLoaded (0ms)
			ExecutionOrderSort2 (0ms)
			AwakeInstancesAfterBackupRestoration (0ms)
Platform modules already initialized, skipping
Registering precompiled user dll's ...
Registered in 0.019104 seconds.
Begin MonoManager ReloadAssembly
Native extension for WindowsStandalone target not found
Native extension for Android target not found
Native extension for WebGL target not found
Refreshing native plugins compatible for Editor in 59.39 ms, found 11 plugins.
Preloading 1 native plugins for Editor in 0.14 ms.
Package Manager log level set to [2]
System.Reflection.TargetInvocationException: Exception has been thrown by the target of an invocation. ---> System.NullReferenceException: Object reference not set to an instance of an object
  at Unity.XR.Oculus.OculusLoader.AssetPathToAbsolutePath (System.String assetPath) [0x0003d] in C:\Users\1142430\Documents\GitHub\VR-Room\VR Room Project\Library\PackageCache\com.unity.xr.oculus@3.2.1\Runtime\OculusLoader.cs:296 
  at Unity.XR.Oculus.OculusLoader.EditorLoadOVRPlugin () [0x0007b] in C:\Users\1142430\Documents\GitHub\VR-Room\VR Room Project\Library\PackageCache\com.unity.xr.oculus@3.2.1\Runtime\OculusLoader.cs:281 
  at (wrapper managed-to-native) System.Reflection.RuntimeMethodInfo.InternalInvoke(System.Reflection.RuntimeMethodInfo,object,object[],System.Exception&)
  at System.Reflection.RuntimeMethodInfo.Invoke (System.Object obj, System.Reflection.BindingFlags invokeAttr, System.Reflection.Binder binder, System.Object[] parameters, System.Globalization.CultureInfo culture) [0x0006a] in <d6232873609549b8a045fa15811a5bd3>:0 
   --- End of inner exception stack trace ---
  at System.Reflection.RuntimeMethodInfo.Invoke (System.Object obj, System.Reflection.BindingFlags invokeAttr, System.Reflection.Binder binder, System.Object[] parameters, System.Globalization.CultureInfo culture) [0x00083] in <d6232873609549b8a045fa15811a5bd3>:0 
  at System.Reflection.MethodBase.Invoke (System.Object obj, System.Object[] parameters) [0x00000] in <d6232873609549b8a045fa15811a5bd3>:0 
  at UnityEditor.EditorAssemblies.ProcessInitializeOnLoadMethodAttributes () [0x000a5] in <6a5b55f2e18b419e9faedac06ac6af94>:0 
UnityEngine.StackTraceUtility:ExtractStackTrace ()
UnityEngine.DebugLogHandler:LogFormat (UnityEngine.LogType,UnityEngine.Object,string,object[])
UnityEngine.Logger:Log (UnityEngine.LogType,object)
UnityEngine.Debug:LogError (object)
UnityEditor.EditorAssemblies:ProcessInitializeOnLoadMethodAttributes ()

Mono: successfully reloaded assembly
- Completed reload, in  1.685 seconds
Domain Reload Profiling:
	ReloadAssembly (1688ms)
		BeginReloadAssembly (245ms)
			ExecutionOrderSort (0ms)
			DisableScriptedObjects (5ms)
			BackupInstance (0ms)
			ReleaseScriptingObjects (0ms)
			CreateAndSetChildDomain (128ms)
		EndReloadAssembly (1322ms)
			LoadAssemblies (158ms)
			RebuildTransferFunctionScriptingTraits (0ms)
			SetupTypeCache (235ms)
			ReleaseScriptCaches (1ms)
			RebuildScriptCaches (53ms)
			SetupLoadedEditorAssemblies (834ms)
				LogAssemblyErrors (0ms)
				InitializePlatformSupportModulesInManaged (19ms)
				SetLoadedEditorAssemblies (0ms)
				RefreshPlugins (60ms)
				BeforeProcessingInitializeOnLoad (109ms)
				ProcessInitializeOnLoadAttributes (534ms)
				ProcessInitializeOnLoadMethodAttributes (96ms)
				AfterProcessingInitializeOnLoad (15ms)
				EditorAssembliesLoaded (0ms)
			ExecutionOrderSort2 (0ms)
			AwakeInstancesAfterBackupRestoration (13ms)
Platform modules already initialized, skipping
========================================================================
Worker process is ready to serve import requests
Default GameObject BitMask: Key already registered
Launched and connected shader compiler UnityShaderCompiler.exe after 0.05 seconds
Refreshing native plugins compatible for Editor in 10.90 ms, found 11 plugins.
Preloading 1 native plugins for Editor in 0.82 ms.
Unloading 4367 Unused Serialized files (Serialized files now loaded: 0)
Unloading 56 unused Assets / (450.3 KB). Loaded Objects now: 4809.
Memory consumption went from 191.6 MB to 191.1 MB.
Total: 8.677700 ms (FindLiveObjects: 0.584200 ms CreateObjectMapping: 0.873900 ms MarkObjects: 4.851700 ms  DeleteObjects: 2.363900 ms)

AssetImportParameters requested are different than current active one (requested -> active):
  custom:video-decoder-ogg-theora: a1e56fd34408186e4bbccfd4996cb3dc -> 
  custom:container-muxer-webm: aa71ff27fc2769a1b78a27578f13a17b -> 
  custom:container-demuxer-webm: 4f35f7cbe854078d1ac9338744f61a02 -> 
  custom:video-encoder-webm-vp8: eb34c28f22e8b96e1ab97ce403110664 -> 
  custom:audio-encoder-webm-vorbis: bf7c407c2cedff20999df2af8eb42d56 -> 
  custom:framework-win-MediaFoundation: 216162199b28c13a410421893ffa2e32 -> 
  custom:container-demuxer-ogg: 62fdf1f143b41e24485cea50d1cbac27 -> 
  custom:video-decoder-webm-vp8: 9c59270c3fd7afecdb556c50c9e8de78 -> 
  custom:audio-decoder-ogg-vorbis: bf7c407c2cedff20999df2af8eb42d56 -> 
========================================================================
Received Import Request.
  Time since last request: 5931.952736 seconds.
  path: Assets/X Bot@Dancing Twerk.prefab
  artifactKey: Guid(dd282351e4b6f1341ae905f423750813) Importer(815301076,1909f56bfc062723c751e8b465ee728b)
Start importing Assets/X Bot@Dancing Twerk.prefab using Guid(dd282351e4b6f1341ae905f423750813) Importer(815301076,1909f56bfc062723c751e8b465ee728b)  -> (artifact id: 'd1a5ad0c8fc5a7e35d72fdf024c95212') in 0.353985 seconds 
========================================================================
Received Import Request.
  Time since last request: 0.000044 seconds.
  path: Assets/UniversalRenderPipelineGlobalSettings.asset
  artifactKey: Guid(87d998cad696d76438245ad1fef9e8c3) Importer(815301076,1909f56bfc062723c751e8b465ee728b)
Start importing Assets/UniversalRenderPipelineGlobalSettings.asset using Guid(87d998cad696d76438245ad1fef9e8c3) Importer(815301076,1909f56bfc062723c751e8b465ee728b)  -> (artifact id: '56cc92ab2a8019fe8e64a9b8543093b7') in 0.007163 seconds 
========================================================================
Received Import Request.
  Time since last request: 0.000042 seconds.
  path: Assets/Drake - Gods plan (EXTREME BASS BOOST).mp3
  artifactKey: Guid(b3a3c98dcca521945aed098541d95899) Importer(815301076,1909f56bfc062723c751e8b465ee728b)
Start importing Assets/Drake - Gods plan (EXTREME BASS BOOST).mp3 using Guid(b3a3c98dcca521945aed098541d95899) Importer(815301076,1909f56bfc062723c751e8b465ee728b)  -> (artifact id: '42c2822d592403bac6bee804edb0d8e7') in 0.030573 seconds 
========================================================================
Received Prepare
Default GameObject BitMask: Key already registered
Refreshing native plugins compatible for Editor in 18.03 ms, found 11 plugins.
Preloading 1 native plugins for Editor in 0.12 ms.
Unloading 45 Unused Serialized files (Serialized files now loaded: 0)
Unloading 46 unused Assets / (423.1 KB). Loaded Objects now: 4901.
Memory consumption went from 118.2 MB to 117.8 MB.
Total: 4.250500 ms (FindLiveObjects: 0.353100 ms CreateObjectMapping: 0.135100 ms MarkObjects: 3.494800 ms  DeleteObjects: 0.266700 ms)

AssetImportParameters requested are different than current active one (requested -> active):
  custom:video-decoder-ogg-theora: a1e56fd34408186e4bbccfd4996cb3dc -> 
  custom:container-muxer-webm: aa71ff27fc2769a1b78a27578f13a17b -> 
  custom:container-demuxer-webm: 4f35f7cbe854078d1ac9338744f61a02 -> 
  custom:video-encoder-webm-vp8: eb34c28f22e8b96e1ab97ce403110664 -> 
  custom:audio-encoder-webm-vorbis: bf7c407c2cedff20999df2af8eb42d56 -> 
  custom:framework-win-MediaFoundation: 216162199b28c13a410421893ffa2e32 -> 
  custom:container-demuxer-ogg: 62fdf1f143b41e24485cea50d1cbac27 -> 
  custom:video-decoder-webm-vp8: 9c59270c3fd7afecdb556c50c9e8de78 -> 
  custom:audio-decoder-ogg-vorbis: bf7c407c2cedff20999df2af8eb42d56 -> 
========================================================================
Received Import Request.
  Time since last request: 1108.356520 seconds.
  path: Assets/_Course Library/Audio/FX
  artifactKey: Guid(0e0a5d2cd49114611844a8dce41da09b) Importer(815301076,1909f56bfc062723c751e8b465ee728b)
Start importing Assets/_Course Library/Audio/FX using Guid(0e0a5d2cd49114611844a8dce41da09b) Importer(815301076,1909f56bfc062723c751e8b465ee728b)  -> (artifact id: '2b52cdb854e5c318e8dbbc632f6603eb') in 0.008252 seconds 
========================================================================
Received Import Request.
  Time since last request: 0.000180 seconds.
  path: Assets/_Course Library/Audio/FX/SFX_Bird_2.ogg
  artifactKey: Guid(5852b85f5b6c7456db15d397337533a3) Importer(815301076,1909f56bfc062723c751e8b465ee728b)
Start importing Assets/_Course Library/Audio/FX/SFX_Bird_2.ogg using Guid(5852b85f5b6c7456db15d397337533a3) Importer(815301076,1909f56bfc062723c751e8b465ee728b)  -> (artifact id: 'aa145fc62ea0703aea162d16b532d9e8') in 0.053496 seconds 
========================================================================
Received Import Request.
  Time since last request: 0.120722 seconds.
  path: Assets/_Course Library/Audio/FX/SFX_Bird_3.ogg
  artifactKey: Guid(28e0735174c1c4ed683675c57b4d07a2) Importer(815301076,1909f56bfc062723c751e8b465ee728b)
Start importing Assets/_Course Library/Audio/FX/SFX_Bird_3.ogg using Guid(28e0735174c1c4ed683675c57b4d07a2) Importer(815301076,1909f56bfc062723c751e8b465ee728b)  -> (artifact id: '083889e2d54e7101e709d65a0a95c63b') in 0.012792 seconds 
========================================================================
Received Import Request.
  Time since last request: 0.000070 seconds.
  path: Assets/_Course Library/Audio/FX/SFX_UI_Quick_4.ogg
  artifactKey: Guid(fbe0600515f4f482a9bb51aab560e9f7) Importer(815301076,1909f56bfc062723c751e8b465ee728b)
Start importing Assets/_Course Library/Audio/FX/SFX_UI_Quick_4.ogg using Guid(fbe0600515f4f482a9bb51aab560e9f7) Importer(815301076,1909f56bfc062723c751e8b465ee728b)  -> (artifact id: 'a37617a7f4a66f29a7f9d70ac0652426') in 0.010628 seconds 
========================================================================
Received Import Request.
  Time since last request: 0.000052 seconds.
  path: Assets/_Course Library/Audio/FX/SFX_UI_Quick_3.ogg
  artifactKey: Guid(113942fcb94a14f7386264fc45956b13) Importer(815301076,1909f56bfc062723c751e8b465ee728b)
Start importing Assets/_Course Library/Audio/FX/SFX_UI_Quick_3.ogg using Guid(113942fcb94a14f7386264fc45956b13) Importer(815301076,1909f56bfc062723c751e8b465ee728b)  -> (artifact id: 'b6d2f37e5ced5dc88e0ea1231b599a6d') in 0.012031 seconds 
========================================================================
Received Import Request.
  Time since last request: 0.000047 seconds.
  path: Assets/_Course Library/Audio/FX/SFX_Machine_Shoot_1.ogg
  artifactKey: Guid(be8221a34ec964baca77aa1158dd9a81) Importer(815301076,1909f56bfc062723c751e8b465ee728b)
Start importing Assets/_Course Library/Audio/FX/SFX_Machine_Shoot_1.ogg using Guid(be8221a34ec964baca77aa1158dd9a81) Importer(815301076,1909f56bfc062723c751e8b465ee728b)  -> (artifact id: '538ecda82fbc9e0b4e5f3071342822c5') in 0.010327 seconds 
========================================================================
Received Import Request.
  Time since last request: 0.000029 seconds.
  path: Assets/_Course Library/Audio/FX/SFX_Liquid_Splash.ogg
  artifactKey: Guid(7bb57394759014e20b218cf8f8040440) Importer(815301076,1909f56bfc062723c751e8b465ee728b)
Start importing Assets/_Course Library/Audio/FX/SFX_Liquid_Splash.ogg using Guid(7bb57394759014e20b218cf8f8040440) Importer(815301076,1909f56bfc062723c751e8b465ee728b)  -> (artifact id: '664d1a41144e81747238fc4053b2e28b') in 0.010057 seconds 
========================================================================
Received Import Request.
  Time since last request: 0.000044 seconds.
  path: Assets/_Course Library/Audio/FX/SFX_Impact_Metal.ogg
  artifactKey: Guid(fdb8a3585af1e45918bc4babd167b4eb) Importer(815301076,1909f56bfc062723c751e8b465ee728b)
Start importing Assets/_Course Library/Audio/FX/SFX_Impact_Metal.ogg using Guid(fdb8a3585af1e45918bc4babd167b4eb) Importer(815301076,1909f56bfc062723c751e8b465ee728b)  -> (artifact id: '631c9d08333f02e6615ca609b80221fc') in 0.010547 seconds 
========================================================================
Received Import Request.
  Time since last request: 0.000030 seconds.
  path: Assets/_Course Library/Audio/FX/SFX_Polaroid_Print.ogg
  artifactKey: Guid(c8da34f5308f447e8a07706592954d21) Importer(815301076,1909f56bfc062723c751e8b465ee728b)
Start importing Assets/_Course Library/Audio/FX/SFX_Polaroid_Print.ogg using Guid(c8da34f5308f447e8a07706592954d21) Importer(815301076,1909f56bfc062723c751e8b465ee728b)  -> (artifact id: '31b7c696b52af14bbe311b8230928fe3') in 0.011612 seconds 
========================================================================
Received Import Request.
  Time since last request: 0.000032 seconds.
  path: Assets/_Course Library/Audio/FX/SFX_UI_Game_Positive.ogg
  artifactKey: Guid(a6e6cb127e7044a3eaa8772d8a314706) Importer(815301076,1909f56bfc062723c751e8b465ee728b)
Start importing Assets/_Course Library/Audio/FX/SFX_UI_Game_Positive.ogg using Guid(a6e6cb127e7044a3eaa8772d8a314706) Importer(815301076,1909f56bfc062723c751e8b465ee728b)  -> (artifact id: '7a51ca77d3870a26e55b4a77dd6054ce') in 0.009613 seconds 
========================================================================
Received Import Request.
  Time since last request: 0.000034 seconds.
  path: Assets/_Course Library/Audio/FX/SFX_Impact_Glass.ogg
  artifactKey: Guid(1b706adc9022a41ab90c83849d16c760) Importer(815301076,1909f56bfc062723c751e8b465ee728b)
Start importing Assets/_Course Library/Audio/FX/SFX_Impact_Glass.ogg using Guid(1b706adc9022a41ab90c83849d16c760) Importer(815301076,1909f56bfc062723c751e8b465ee728b)  -> (artifact id: '98b77d26b48574a99f1c6239a57b208f') in 0.010561 seconds 
========================================================================
Received Import Request.
  Time since last request: 0.000033 seconds.
  path: Assets/_Course Library/Audio/FX/SFX_UI_Click_1.ogg
  artifactKey: Guid(8436c8cf5779f4fbda9ea5a4acee8d73) Importer(815301076,1909f56bfc062723c751e8b465ee728b)
Start importing Assets/_Course Library/Audio/FX/SFX_UI_Click_1.ogg using Guid(8436c8cf5779f4fbda9ea5a4acee8d73) Importer(815301076,1909f56bfc062723c751e8b465ee728b)  -> (artifact id: '8c66288eb9a5d11824a9a8a3eec527de') in 0.009545 seconds 
========================================================================
Received Import Request.
  Time since last request: 0.000032 seconds.
  path: Assets/_Course Library/Audio/FX/SFX_Machine_Shoot_4.ogg
  artifactKey: Guid(9b1ecbe797fdd40e0bfc0900b6ad0400) Importer(815301076,1909f56bfc062723c751e8b465ee728b)
Start importing Assets/_Course Library/Audio/FX/SFX_Machine_Shoot_4.ogg using Guid(9b1ecbe797fdd40e0bfc0900b6ad0400) Importer(815301076,1909f56bfc062723c751e8b465ee728b)  -> (artifact id: '2e55c4eb199f6c44e9f80efa5b570698') in 0.010190 seconds 
========================================================================
Received Import Request.
  Time since last request: 0.000024 seconds.
  path: Assets/_Course Library/Audio/FX/SFX_Impact_Plastic.ogg
  artifactKey: Guid(de71552a2aee34906aaf9ec2749b888f) Importer(815301076,1909f56bfc062723c751e8b465ee728b)
Start importing Assets/_Course Library/Audio/FX/SFX_Impact_Plastic.ogg using Guid(de71552a2aee34906aaf9ec2749b888f) Importer(815301076,1909f56bfc062723c751e8b465ee728b)  -> (artifact id: 'cbfd407f020edf7dbe7e841f1050ae67') in 0.010378 seconds 
========================================================================
Received Import Request.
  Time since last request: 0.000030 seconds.
  path: Assets/_Course Library/Audio/FX/SFX_UI_SciFi_Forward.ogg
  artifactKey: Guid(8514acdb166b1499a9ee49941ff691f0) Importer(815301076,1909f56bfc062723c751e8b465ee728b)
Start importing Assets/_Course Library/Audio/FX/SFX_UI_SciFi_Forward.ogg using Guid(8514acdb166b1499a9ee49941ff691f0) Importer(815301076,1909f56bfc062723c751e8b465ee728b)  -> (artifact id: '765872eaba7a1026d910f7521da0f6da') in 0.010906 seconds 
========================================================================
Received Import Request.
  Time since last request: 0.000030 seconds.
  path: Assets/_Course Library/Audio/FX/SFX_Loop_Liquid_Pour.ogg
  artifactKey: Guid(2750d8f1e9746416a82993326371d29f) Importer(815301076,1909f56bfc062723c751e8b465ee728b)
Start importing Assets/_Course Library/Audio/FX/SFX_Loop_Liquid_Pour.ogg using Guid(2750d8f1e9746416a82993326371d29f) Importer(815301076,1909f56bfc062723c751e8b465ee728b)  -> (artifact id: '771864ad279e6bb93b7f21109c795284') in 0.009736 seconds 
========================================================================
Received Import Request.
  Time since last request: 0.000031 seconds.
  path: Assets/_Course Library/Audio/FX/SFX_UI_Click_3.ogg
  artifactKey: Guid(0d9ba9deac23f4ff199b989fe352e768) Importer(815301076,1909f56bfc062723c751e8b465ee728b)
Start importing Assets/_Course Library/Audio/FX/SFX_UI_Click_3.ogg using Guid(0d9ba9deac23f4ff199b989fe352e768) Importer(815301076,1909f56bfc062723c751e8b465ee728b)  -> (artifact id: 'a5067827043ef8cb3675d3a3a995387d') in 0.009348 seconds 
========================================================================
Received Import Request.
  Time since last request: 0.000028 seconds.
  path: Assets/_Course Library/Audio/FX/SFX_Impact_Log.ogg
  artifactKey: Guid(5fa2a1e03047f4f37a8f475c272636e7) Importer(815301076,1909f56bfc062723c751e8b465ee728b)
Start importing Assets/_Course Library/Audio/FX/SFX_Impact_Log.ogg using Guid(5fa2a1e03047f4f37a8f475c272636e7) Importer(815301076,1909f56bfc062723c751e8b465ee728b)  -> (artifact id: '0ffdcebcdc2823b4ca5b6c6aad3b2d9c') in 0.008956 seconds 
========================================================================
Received Import Request.
  Time since last request: 0.000029 seconds.
  path: Assets/_Course Library/Audio/FX/SFX_Loop_Steam.ogg
  artifactKey: Guid(12466592d2edd47879e8a1276cb68d53) Importer(815301076,1909f56bfc062723c751e8b465ee728b)
Start importing Assets/_Course Library/Audio/FX/SFX_Loop_Steam.ogg using Guid(12466592d2edd47879e8a1276cb68d53) Importer(815301076,1909f56bfc062723c751e8b465ee728b)  -> (artifact id: '4aeabfc44930314f8ca38863e9d83f17') in 0.009426 seconds 
========================================================================
Received Import Request.
  Time since last request: 0.000028 seconds.
  path: Assets/_Course Library/Audio/FX/SFX_Machine_Shoot_2.ogg
  artifactKey: Guid(5ba88ca933c5b4e579c5e971949a6295) Importer(815301076,1909f56bfc062723c751e8b465ee728b)
Start importing Assets/_Course Library/Audio/FX/SFX_Machine_Shoot_2.ogg using Guid(5ba88ca933c5b4e579c5e971949a6295) Importer(815301076,1909f56bfc062723c751e8b465ee728b)  -> (artifact id: '8663ad98b1af45168e66a0c6d6f4a21b') in 0.010318 seconds 
========================================================================
Received Import Request.
  Time since last request: 0.000029 seconds.
  path: Assets/_Course Library/Audio/FX/SFX_UI_Click_2.ogg
  artifactKey: Guid(39eeabf0f489f4e46a024aa733bf1b4b) Importer(815301076,1909f56bfc062723c751e8b465ee728b)
Start importing Assets/_Course Library/Audio/FX/SFX_UI_Click_2.ogg using Guid(39eeabf0f489f4e46a024aa733bf1b4b) Importer(815301076,1909f56bfc062723c751e8b465ee728b)  -> (artifact id: '8ea9d73785178f67a77b0f8af64e89b7') in 0.009562 seconds 
========================================================================
Received Import Request.
  Time since last request: 0.000034 seconds.
  path: Assets/_Course Library/Audio/FX/SFX_Machine_Stamp.ogg
  artifactKey: Guid(f3c16f48623484a42b8624861a87ca11) Importer(815301076,1909f56bfc062723c751e8b465ee728b)
Start importing Assets/_Course Library/Audio/FX/SFX_Machine_Stamp.ogg using Guid(f3c16f48623484a42b8624861a87ca11) Importer(815301076,1909f56bfc062723c751e8b465ee728b)  -> (artifact id: '7a115de0b1567e549c357ce2e373557d') in 0.009879 seconds 
========================================================================
Received Import Request.
  Time since last request: 0.000031 seconds.
  path: Assets/_Course Library/Audio/FX/SFX_Loop_RadioTuning.ogg
  artifactKey: Guid(658a9d5e3f97b4f52b6bb3a615fd3b92) Importer(815301076,1909f56bfc062723c751e8b465ee728b)
Start importing Assets/_Course Library/Audio/FX/SFX_Loop_RadioTuning.ogg using Guid(658a9d5e3f97b4f52b6bb3a615fd3b92) Importer(815301076,1909f56bfc062723c751e8b465ee728b)  -> (artifact id: 'bc4fdebddb741c1666b98518bc45dc4d') in 0.010131 seconds 
Editor requested this worker to shutdown with reason: Scaling down because of idle timeout
AssetImportWorker is now disconnected from the server
Process exiting
Exiting without the bug reporter. Application will terminate with return code 0