Using pre-set license
Built from '2021.3/staging' branch; Version is '2021.3.14f1 (eee1884e7226) revision 15655304'; Using compiler version '192829333'; Build Type 'Release'
OS: 'Windows 10  (10.0.19044) 64bit Education' Language: 'en' Physical Memory: 7531 MB
BatchMode: 1, IsHumanControllingUs: 0, StartBugReporterOnCrash: 0, Is64bit: 1, IsPro: 1

COMMAND LINE ARGUMENTS:
C:\Program Files\Unity\Hub\Editor\2021.3.14f1\Editor\Unity.exe
-adb2
-batchMode
-noUpm
-name
AssetImportWorker2
-projectPath
C:/Users/1142430/Documents/GitHub/VR-Room/VR Room Project
-logFile
Logs/AssetImportWorker2.log
-srvPort
62719
Successfully changed project path to: C:/Users/1142430/Documents/GitHub/VR-Room/VR Room Project
C:/Users/1142430/Documents/GitHub/VR-Room/VR Room Project
[UnityMemory] Configuration Parameters - Can be set up in boot.config
    "memorysetup-bucket-allocator-granularity=16"
    "memorysetup-bucket-allocator-bucket-count=8"
    "memorysetup-bucket-allocator-block-size=33554432"
    "memorysetup-bucket-allocator-block-count=8"
    "memorysetup-main-allocator-block-size=16777216"
    "memorysetup-thread-allocator-block-size=16777216"
    "memorysetup-gfx-main-allocator-block-size=16777216"
    "memorysetup-gfx-thread-allocator-block-size=16777216"
    "memorysetup-cache-allocator-block-size=4194304"
    "memorysetup-typetree-allocator-block-size=2097152"
    "memorysetup-profiler-bucket-allocator-granularity=16"
    "memorysetup-profiler-bucket-allocator-bucket-count=8"
    "memorysetup-profiler-bucket-allocator-block-size=33554432"
    "memorysetup-profiler-bucket-allocator-block-count=8"
    "memorysetup-profiler-allocator-block-size=16777216"
    "memorysetup-profiler-editor-allocator-block-size=1048576"
    "memorysetup-temp-allocator-size-main=16777216"
    "memorysetup-job-temp-allocator-block-size=2097152"
    "memorysetup-job-temp-allocator-block-size-background=1048576"
    "memorysetup-job-temp-allocator-reduction-small-platforms=262144"
    "memorysetup-temp-allocator-size-background-worker=32768"
    "memorysetup-temp-allocator-size-job-worker=262144"
    "memorysetup-temp-allocator-size-preload-manager=33554432"
    "memorysetup-temp-allocator-size-nav-mesh-worker=65536"
    "memorysetup-temp-allocator-size-audio-worker=65536"
    "memorysetup-temp-allocator-size-cloud-worker=32768"
    "memorysetup-temp-allocator-size-gi-baking-worker=262144"
    "memorysetup-temp-allocator-size-gfx=262144"
Refreshing native plugins compatible for Editor in 83.64 ms, found 11 plugins.
Preloading 1 native plugins for Editor in 0.83 ms.
Initialize engine version: 2021.3.14f1 (eee1884e7226)
[Subsystems] Discovering subsystems at path C:/Program Files/Unity/Hub/Editor/2021.3.14f1/Editor/Data/Resources/UnitySubsystems
[Subsystems] Discovering subsystems at path C:/Users/1142430/Documents/GitHub/VR-Room/VR Room Project/Assets
GfxDevice: creating device client; threaded=0; jobified=0
Direct3D:
    Version:  Direct3D 11.0 [level 11.1]
    Renderer: AMD Radeon RX 6400 (ID=0x743f)
    Vendor:   ATI
    VRAM:     4052 MB
    Driver:   30.0.14030.4003
Initialize mono
Mono path[0] = 'C:/Program Files/Unity/Hub/Editor/2021.3.14f1/Editor/Data/Managed'
Mono path[1] = 'C:/Program Files/Unity/Hub/Editor/2021.3.14f1/Editor/Data/MonoBleedingEdge/lib/mono/unityjit-win32'
Mono config path = 'C:/Program Files/Unity/Hub/Editor/2021.3.14f1/Editor/Data/MonoBleedingEdge/etc'
Using monoOptions --debugger-agent=transport=dt_socket,embedding=1,server=y,suspend=n,address=127.0.0.1:56784
Begin MonoManager ReloadAssembly
Registering precompiled unity dll's ...
Register platform support module: C:/Program Files/Unity/Hub/Editor/2021.3.14f1/Editor/Data/PlaybackEngines/WebGLSupport/UnityEditor.WebGL.Extensions.dll
Register platform support module: C:/Program Files/Unity/Hub/Editor/2021.3.14f1/Editor/Data/PlaybackEngines/AndroidPlayer/UnityEditor.Android.Extensions.dll
Register platform support module: C:/Program Files/Unity/Hub/Editor/2021.3.14f1/Editor/Data/PlaybackEngines/WindowsStandaloneSupport/UnityEditor.WindowsStandalone.Extensions.dll
Registered in 0.015055 seconds.
Native extension for WindowsStandalone target not found
Native extension for Android target not found
Native extension for WebGL target not found
Refreshing native plugins compatible for Editor in 74.06 ms, found 11 plugins.
Preloading 1 native plugins for Editor in 0.23 ms.
Mono: successfully reloaded assembly
- Completed reload, in  0.716 seconds
Domain Reload Profiling:
	ReloadAssembly (716ms)
		BeginReloadAssembly (89ms)
			ExecutionOrderSort (0ms)
			DisableScriptedObjects (0ms)
			BackupInstance (0ms)
			ReleaseScriptingObjects (0ms)
			CreateAndSetChildDomain (1ms)
		EndReloadAssembly (505ms)
			LoadAssemblies (86ms)
			RebuildTransferFunctionScriptingTraits (0ms)
			SetupTypeCache (114ms)
			ReleaseScriptCaches (0ms)
			RebuildScriptCaches (22ms)
			SetupLoadedEditorAssemblies (310ms)
				LogAssemblyErrors (0ms)
				InitializePlatformSupportModulesInManaged (57ms)
				SetLoadedEditorAssemblies (0ms)
				RefreshPlugins (74ms)
				BeforeProcessingInitializeOnLoad (1ms)
				ProcessInitializeOnLoadAttributes (110ms)
				ProcessInitializeOnLoadMethodAttributes (66ms)
				AfterProcessingInitializeOnLoad (0ms)
				EditorAssembliesLoaded (0ms)
			ExecutionOrderSort2 (0ms)
			AwakeInstancesAfterBackupRestoration (0ms)
Platform modules already initialized, skipping
Registering precompiled user dll's ...
Registered in 0.016797 seconds.
Begin MonoManager ReloadAssembly
Native extension for WindowsStandalone target not found
Native extension for Android target not found
Native extension for WebGL target not found
Refreshing native plugins compatible for Editor in 53.09 ms, found 11 plugins.
Preloading 1 native plugins for Editor in 0.11 ms.
Package Manager log level set to [2]
System.Reflection.TargetInvocationException: Exception has been thrown by the target of an invocation. ---> System.NullReferenceException: Object reference not set to an instance of an object
  at Unity.XR.Oculus.OculusLoader.AssetPathToAbsolutePath (System.String assetPath) [0x0003d] in C:\Users\1142430\Documents\GitHub\VR-Room\VR Room Project\Library\PackageCache\com.unity.xr.oculus@3.2.1\Runtime\OculusLoader.cs:296 
  at Unity.XR.Oculus.OculusLoader.EditorLoadOVRPlugin () [0x0007b] in C:\Users\1142430\Documents\GitHub\VR-Room\VR Room Project\Library\PackageCache\com.unity.xr.oculus@3.2.1\Runtime\OculusLoader.cs:281 
  at (wrapper managed-to-native) System.Reflection.RuntimeMethodInfo.InternalInvoke(System.Reflection.RuntimeMethodInfo,object,object[],System.Exception&)
  at System.Reflection.RuntimeMethodInfo.Invoke (System.Object obj, System.Reflection.BindingFlags invokeAttr, System.Reflection.Binder binder, System.Object[] parameters, System.Globalization.CultureInfo culture) [0x0006a] in <d6232873609549b8a045fa15811a5bd3>:0 
   --- End of inner exception stack trace ---
  at System.Reflection.RuntimeMethodInfo.Invoke (System.Object obj, System.Reflection.BindingFlags invokeAttr, System.Reflection.Binder binder, System.Object[] parameters, System.Globalization.CultureInfo culture) [0x00083] in <d6232873609549b8a045fa15811a5bd3>:0 
  at System.Reflection.MethodBase.Invoke (System.Object obj, System.Object[] parameters) [0x00000] in <d6232873609549b8a045fa15811a5bd3>:0 
  at UnityEditor.EditorAssemblies.ProcessInitializeOnLoadMethodAttributes () [0x000a5] in <6a5b55f2e18b419e9faedac06ac6af94>:0 
UnityEngine.StackTraceUtility:ExtractStackTrace ()
UnityEngine.DebugLogHandler:LogFormat (UnityEngine.LogType,UnityEngine.Object,string,object[])
UnityEngine.Logger:Log (UnityEngine.LogType,object)
UnityEngine.Debug:LogError (object)
UnityEditor.EditorAssemblies:ProcessInitializeOnLoadMethodAttributes ()

Mono: successfully reloaded assembly
- Completed reload, in  1.351 seconds
Domain Reload Profiling:
	ReloadAssembly (1352ms)
		BeginReloadAssembly (215ms)
			ExecutionOrderSort (0ms)
			DisableScriptedObjects (5ms)
			BackupInstance (0ms)
			ReleaseScriptingObjects (0ms)
			CreateAndSetChildDomain (121ms)
		EndReloadAssembly (1022ms)
			LoadAssemblies (101ms)
			RebuildTransferFunctionScriptingTraits (0ms)
			SetupTypeCache (243ms)
			ReleaseScriptCaches (1ms)
			RebuildScriptCaches (47ms)
			SetupLoadedEditorAssemblies (581ms)
				LogAssemblyErrors (0ms)
				InitializePlatformSupportModulesInManaged (15ms)
				SetLoadedEditorAssemblies (0ms)
				RefreshPlugins (53ms)
				BeforeProcessingInitializeOnLoad (103ms)
				ProcessInitializeOnLoadAttributes (302ms)
				ProcessInitializeOnLoadMethodAttributes (92ms)
				AfterProcessingInitializeOnLoad (15ms)
				EditorAssembliesLoaded (0ms)
			ExecutionOrderSort2 (0ms)
			AwakeInstancesAfterBackupRestoration (12ms)
Platform modules already initialized, skipping
========================================================================
Worker process is ready to serve import requests
Launched and connected shader compiler UnityShaderCompiler.exe after 0.06 seconds
Refreshing native plugins compatible for Editor in 1.04 ms, found 11 plugins.
Preloading 1 native plugins for Editor in 0.11 ms.
Unloading 4359 Unused Serialized files (Serialized files now loaded: 0)
Unloading 56 unused Assets / (448.9 KB). Loaded Objects now: 4797.
Memory consumption went from 190.5 MB to 190.1 MB.
Total: 3.763200 ms (FindLiveObjects: 0.320500 ms CreateObjectMapping: 0.235000 ms MarkObjects: 2.961600 ms  DeleteObjects: 0.245400 ms)

AssetImportParameters requested are different than current active one (requested -> active):
  custom:video-decoder-ogg-theora: a1e56fd34408186e4bbccfd4996cb3dc -> 
  custom:container-muxer-webm: aa71ff27fc2769a1b78a27578f13a17b -> 
  custom:container-demuxer-webm: 4f35f7cbe854078d1ac9338744f61a02 -> 
  custom:video-encoder-webm-vp8: eb34c28f22e8b96e1ab97ce403110664 -> 
  custom:audio-encoder-webm-vorbis: bf7c407c2cedff20999df2af8eb42d56 -> 
  custom:framework-win-MediaFoundation: 216162199b28c13a410421893ffa2e32 -> 
  custom:container-demuxer-ogg: 62fdf1f143b41e24485cea50d1cbac27 -> 
  custom:video-decoder-webm-vp8: 9c59270c3fd7afecdb556c50c9e8de78 -> 
  custom:audio-decoder-ogg-vorbis: bf7c407c2cedff20999df2af8eb42d56 -> 
========================================================================
Received Import Request.
  Time since last request: 3615.256035 seconds.
  path: Assets/_Course Library/_Prefabs/Rooms/RoomRusticLeftCornerBack.prefab
  artifactKey: Guid(cf20879b2a03b07419e5a16bc70743ef) Importer(815301076,1909f56bfc062723c751e8b465ee728b)
Start importing Assets/_Course Library/_Prefabs/Rooms/RoomRusticLeftCornerBack.prefab using Guid(cf20879b2a03b07419e5a16bc70743ef) Importer(815301076,1909f56bfc062723c751e8b465ee728b)  -> (artifact id: '0e53a1b492555b7d8d0bb6a691028342') in 0.267172 seconds 
========================================================================
Received Import Request.
  Time since last request: 16.740228 seconds.
  path: Assets/_Course Library/_Prefabs/Rooms/RoomRusticLeftCornerFront.prefab
  artifactKey: Guid(d087ada1ad4467249abeeb59cd929f86) Importer(815301076,1909f56bfc062723c751e8b465ee728b)
Start importing Assets/_Course Library/_Prefabs/Rooms/RoomRusticLeftCornerFront.prefab using Guid(d087ada1ad4467249abeeb59cd929f86) Importer(815301076,1909f56bfc062723c751e8b465ee728b)  -> (artifact id: '7bfa930a8f5367b4a26adcd268737412') in 0.031632 seconds 
========================================================================
Received Import Request.
  Time since last request: 12.458327 seconds.
  path: Assets/_Course Library/_Prefabs/Rooms/RoomRusticLeftEdge.prefab
  artifactKey: Guid(36004023b0833e845b7b7efe040a4403) Importer(815301076,1909f56bfc062723c751e8b465ee728b)
Start importing Assets/_Course Library/_Prefabs/Rooms/RoomRusticLeftEdge.prefab using Guid(36004023b0833e845b7b7efe040a4403) Importer(815301076,1909f56bfc062723c751e8b465ee728b)  -> (artifact id: 'b969197c3a6fd901909469cdd243ab04') in 0.030370 seconds 
========================================================================
Received Import Request.
  Time since last request: 8.611676 seconds.
  path: Assets/_Course Library/_Prefabs/Rooms/RoomRusticLevel.prefab
  artifactKey: Guid(467fc65db52e1914caf55d6a7695242b) Importer(815301076,1909f56bfc062723c751e8b465ee728b)
Start importing Assets/_Course Library/_Prefabs/Rooms/RoomRusticLevel.prefab using Guid(467fc65db52e1914caf55d6a7695242b) Importer(815301076,1909f56bfc062723c751e8b465ee728b)  -> (artifact id: 'cf69c0486af78b9ac5a598ef0ae703b2') in 0.031438 seconds 
========================================================================
Received Import Request.
  Time since last request: 8.023896 seconds.
  path: Assets/_Course Library/_Prefabs/Rooms/RoomRusticRIghtCornerBack.prefab
  artifactKey: Guid(b94c324ba4e4da242a3a4361b9c5cfec) Importer(815301076,1909f56bfc062723c751e8b465ee728b)
Start importing Assets/_Course Library/_Prefabs/Rooms/RoomRusticRIghtCornerBack.prefab using Guid(b94c324ba4e4da242a3a4361b9c5cfec) Importer(815301076,1909f56bfc062723c751e8b465ee728b)  -> (artifact id: '770713bc6dcad08ecaf75299db5f39cb') in 0.033086 seconds 
========================================================================
Received Import Request.
  Time since last request: 7.412721 seconds.
  path: Assets/_Course Library/_Prefabs/Rooms/RoomRusticRightCornerFront.prefab
  artifactKey: Guid(3c1ead6475aa230498478dbedbf5c433) Importer(815301076,1909f56bfc062723c751e8b465ee728b)
Start importing Assets/_Course Library/_Prefabs/Rooms/RoomRusticRightCornerFront.prefab using Guid(3c1ead6475aa230498478dbedbf5c433) Importer(815301076,1909f56bfc062723c751e8b465ee728b)  -> (artifact id: '6e085fc0e3e96c4c4e81c01e6a5894aa') in 0.030065 seconds 
========================================================================
Received Import Request.
  Time since last request: 16.887373 seconds.
  path: Assets/_Course Library/_Prefabs/Rooms/RoomRusticRightEdge.prefab
  artifactKey: Guid(07de295deb0ae1b4cacfd264dc32666f) Importer(815301076,1909f56bfc062723c751e8b465ee728b)
Start importing Assets/_Course Library/_Prefabs/Rooms/RoomRusticRightEdge.prefab using Guid(07de295deb0ae1b4cacfd264dc32666f) Importer(815301076,1909f56bfc062723c751e8b465ee728b)  -> (artifact id: '940c245a1d30c978be9942687901bc43') in 0.030661 seconds 
========================================================================
Received Prepare
Registering precompiled user dll's ...
Registered in 0.015773 seconds.
Begin MonoManager ReloadAssembly
Native extension for WindowsStandalone target not found
Native extension for Android target not found
Native extension for WebGL target not found
Refreshing native plugins compatible for Editor in 1.18 ms, found 11 plugins.
Preloading 1 native plugins for Editor in 0.13 ms.
System.Reflection.TargetInvocationException: Exception has been thrown by the target of an invocation. ---> System.NullReferenceException: Object reference not set to an instance of an object
  at Unity.XR.Oculus.OculusLoader.AssetPathToAbsolutePath (System.String assetPath) [0x0003d] in C:\Users\1142430\Documents\GitHub\VR-Room\VR Room Project\Library\PackageCache\com.unity.xr.oculus@3.2.1\Runtime\OculusLoader.cs:296 
  at Unity.XR.Oculus.OculusLoader.EditorLoadOVRPlugin () [0x0007b] in C:\Users\1142430\Documents\GitHub\VR-Room\VR Room Project\Library\PackageCache\com.unity.xr.oculus@3.2.1\Runtime\OculusLoader.cs:281 
  at (wrapper managed-to-native) System.Reflection.RuntimeMethodInfo.InternalInvoke(System.Reflection.RuntimeMethodInfo,object,object[],System.Exception&)
  at System.Reflection.RuntimeMethodInfo.Invoke (System.Object obj, System.Reflection.BindingFlags invokeAttr, System.Reflection.Binder binder, System.Object[] parameters, System.Globalization.CultureInfo culture) [0x0006a] in <d6232873609549b8a045fa15811a5bd3>:0 
   --- End of inner exception stack trace ---
  at System.Reflection.RuntimeMethodInfo.Invoke (System.Object obj, System.Reflection.BindingFlags invokeAttr, System.Reflection.Binder binder, System.Object[] parameters, System.Globalization.CultureInfo culture) [0x00083] in <d6232873609549b8a045fa15811a5bd3>:0 
  at System.Reflection.MethodBase.Invoke (System.Object obj, System.Object[] parameters) [0x00000] in <d6232873609549b8a045fa15811a5bd3>:0 
  at UnityEditor.EditorAssemblies.ProcessInitializeOnLoadMethodAttributes () [0x000a5] in <6a5b55f2e18b419e9faedac06ac6af94>:0 
UnityEngine.StackTraceUtility:ExtractStackTrace ()
UnityEngine.DebugLogHandler:LogFormat (UnityEngine.LogType,UnityEngine.Object,string,object[])
UnityEngine.Logger:Log (UnityEngine.LogType,object)
UnityEngine.Debug:LogError (object)
UnityEditor.EditorAssemblies:ProcessInitializeOnLoadMethodAttributes ()

Mono: successfully reloaded assembly
- Completed reload, in  1.266 seconds
Domain Reload Profiling:
	ReloadAssembly (1267ms)
		BeginReloadAssembly (162ms)
			ExecutionOrderSort (0ms)
			DisableScriptedObjects (7ms)
			BackupInstance (0ms)
			ReleaseScriptingObjects (0ms)
			CreateAndSetChildDomain (46ms)
		EndReloadAssembly (996ms)
			LoadAssemblies (120ms)
			RebuildTransferFunctionScriptingTraits (0ms)
			SetupTypeCache (225ms)
			ReleaseScriptCaches (2ms)
			RebuildScriptCaches (37ms)
			SetupLoadedEditorAssemblies (535ms)
				LogAssemblyErrors (0ms)
				InitializePlatformSupportModulesInManaged (26ms)
				SetLoadedEditorAssemblies (0ms)
				RefreshPlugins (1ms)
				BeforeProcessingInitializeOnLoad (101ms)
				ProcessInitializeOnLoadAttributes (296ms)
				ProcessInitializeOnLoadMethodAttributes (92ms)
				AfterProcessingInitializeOnLoad (17ms)
				EditorAssembliesLoaded (0ms)
			ExecutionOrderSort2 (0ms)
			AwakeInstancesAfterBackupRestoration (21ms)
Platform modules already initialized, skipping
Refreshing native plugins compatible for Editor in 8.03 ms, found 11 plugins.
Preloading 1 native plugins for Editor in 0.10 ms.
Unloading 4212 Unused Serialized files (Serialized files now loaded: 0)
Unloading 46 unused Assets / (416.5 KB). Loaded Objects now: 4854.
Memory consumption went from 203.8 MB to 203.4 MB.
Total: 4.644300 ms (FindLiveObjects: 0.348100 ms CreateObjectMapping: 0.300200 ms MarkObjects: 3.733500 ms  DeleteObjects: 0.260900 ms)

AssetImportParameters requested are different than current active one (requested -> active):
  custom:video-decoder-ogg-theora: a1e56fd34408186e4bbccfd4996cb3dc -> 
  custom:container-muxer-webm: aa71ff27fc2769a1b78a27578f13a17b -> 
  custom:container-demuxer-webm: 4f35f7cbe854078d1ac9338744f61a02 -> 
  custom:video-encoder-webm-vp8: eb34c28f22e8b96e1ab97ce403110664 -> 
  custom:audio-encoder-webm-vorbis: bf7c407c2cedff20999df2af8eb42d56 -> 
  custom:framework-win-MediaFoundation: 216162199b28c13a410421893ffa2e32 -> 
  custom:container-demuxer-ogg: 62fdf1f143b41e24485cea50d1cbac27 -> 
  custom:video-decoder-webm-vp8: 9c59270c3fd7afecdb556c50c9e8de78 -> 
  custom:audio-decoder-ogg-vorbis: bf7c407c2cedff20999df2af8eb42d56 -> 
========================================================================
Received Import Request.
  Time since last request: 652.366741 seconds.
  path: Assets/_Course Library/_Prefabs/Rooms/Room_Rustic.prefab
  artifactKey: Guid(991f7faf3818ce24d854dd90bfceb80b) Importer(815301076,1909f56bfc062723c751e8b465ee728b)
Start importing Assets/_Course Library/_Prefabs/Rooms/Room_Rustic.prefab using Guid(991f7faf3818ce24d854dd90bfceb80b) Importer(815301076,1909f56bfc062723c751e8b465ee728b)  -> (artifact id: 'ec63629a9a2c91ebf3e7d789bdd6d1b1') in 0.197592 seconds 
========================================================================
Received Import Request.
  Time since last request: 396.102193 seconds.
  path: Assets/_Course Library/_Prefabs/Rooms/RoomRusticRIghtCornerBack.prefab
  artifactKey: Guid(b94c324ba4e4da242a3a4361b9c5cfec) Importer(815301076,1909f56bfc062723c751e8b465ee728b)
Start importing Assets/_Course Library/_Prefabs/Rooms/RoomRusticRIghtCornerBack.prefab using Guid(b94c324ba4e4da242a3a4361b9c5cfec) Importer(815301076,1909f56bfc062723c751e8b465ee728b)  -> (artifact id: 'f6ca703e839adb2ac9da3f9c323b5ba4') in 0.051619 seconds 
========================================================================
Received Import Request.
  Time since last request: 9.823469 seconds.
  path: Assets/_Course Library/_Prefabs/Rooms/RoomRusticRightCornerFront.prefab
  artifactKey: Guid(3c1ead6475aa230498478dbedbf5c433) Importer(815301076,1909f56bfc062723c751e8b465ee728b)
Start importing Assets/_Course Library/_Prefabs/Rooms/RoomRusticRightCornerFront.prefab using Guid(3c1ead6475aa230498478dbedbf5c433) Importer(815301076,1909f56bfc062723c751e8b465ee728b)  -> (artifact id: 'f48e3cbb9268d511c772b37c4a9061cd') in 0.025198 seconds 
========================================================================
Received Import Request.
  Time since last request: 114.122845 seconds.
  path: Assets/_Course Library/_Prefabs/Rooms/RoomRusticLevel 1.prefab
  artifactKey: Guid(599a48b2a5445914b8002a8bbe29c2cc) Importer(815301076,1909f56bfc062723c751e8b465ee728b)
Start importing Assets/_Course Library/_Prefabs/Rooms/RoomRusticLevel 1.prefab using Guid(599a48b2a5445914b8002a8bbe29c2cc) Importer(815301076,1909f56bfc062723c751e8b465ee728b)  -> (artifact id: '50577128e5fbb2b29dd06455384bff0d') in 0.037403 seconds 
========================================================================
Received Import Request.
  Time since last request: 16.630531 seconds.
  path: Assets/_Course Library/_Prefabs/Rooms/RoomRusticLevelNoDoor.prefab
  artifactKey: Guid(467fc65db52e1914caf55d6a7695242b) Importer(815301076,1909f56bfc062723c751e8b465ee728b)
Start importing Assets/_Course Library/_Prefabs/Rooms/RoomRusticLevelNoDoor.prefab using Guid(467fc65db52e1914caf55d6a7695242b) Importer(815301076,1909f56bfc062723c751e8b465ee728b)  -> (artifact id: '3c1e7509ff7ea30bd9fe8f0a1ddded08') in 0.028602 seconds 
========================================================================
Received Import Request.
  Time since last request: 17.992767 seconds.
  path: Assets/_Course Library/_Prefabs/Rooms/RoomRusticLevelNoDoor.prefab
  artifactKey: Guid(467fc65db52e1914caf55d6a7695242b) Importer(815301076,1909f56bfc062723c751e8b465ee728b)
Start importing Assets/_Course Library/_Prefabs/Rooms/RoomRusticLevelNoDoor.prefab using Guid(467fc65db52e1914caf55d6a7695242b) Importer(815301076,1909f56bfc062723c751e8b465ee728b)  -> (artifact id: '4e11af741a9af70d15ccca36c716f16a') in 0.025370 seconds 
========================================================================
Received Import Request.
  Time since last request: 169.860923 seconds.
  path: Assets/_Course Library/_Prefabs/Rooms/RoomRusticLevel.prefab
  artifactKey: Guid(599a48b2a5445914b8002a8bbe29c2cc) Importer(815301076,1909f56bfc062723c751e8b465ee728b)
Start importing Assets/_Course Library/_Prefabs/Rooms/RoomRusticLevel.prefab using Guid(599a48b2a5445914b8002a8bbe29c2cc) Importer(815301076,1909f56bfc062723c751e8b465ee728b)  -> (artifact id: '0390cf1a1d12b6ddf1b568d26864637f') in 0.029052 seconds 
